<?xml version="1.0" encoding="UTF-8"?>
<testng-results ignored="0" total="2" passed="2" failed="0" skipped="0">
  <reporter-output>
  </reporter-output>
  <suite started-at="2022-01-31T22:49:27 TRT" name="services.BookingTest" finished-at="2022-01-31T22:49:39 TRT" duration-ms="11396">
    <groups>
    </groups>
    <test started-at="2022-01-31T22:49:27 TRT" name="Command line test" finished-at="2022-01-31T22:49:39 TRT" duration-ms="11396">
      <class name="services.BookingTest">
        <test-method is-config="true" signature="postCreateToken()[pri:0, instance:services.BookingTest@815b41f]" started-at="2022-01-31T22:49:27 TRT" name="postCreateToken" finished-at="2022-01-31T22:49:30 TRT" duration-ms="3227" status="PASS">
          <reporter-output>
          </reporter-output>
        </test-method> <!-- postCreateToken -->
        <test-method signature="postCreateBooking()[pri:0, instance:services.BookingTest@815b41f]" started-at="2022-01-31T22:49:30 TRT" name="postCreateBooking" finished-at="2022-01-31T22:49:36 TRT" duration-ms="5820" status="PASS">
          <reporter-output>
          </reporter-output>
        </test-method> <!-- postCreateBooking -->
        <test-method signature="putUpdateBooking(java.lang.String)[pri:0, instance:services.BookingTest@815b41f]" started-at="2022-01-31T22:49:37 TRT" name="putUpdateBooking" data-provider="tokenProvider" finished-at="2022-01-31T22:49:38 TRT" duration-ms="740" status="PASS">
          <params>
            <param index="0">
              <value>
                <![CDATA[0d5444d6005cd9c]]>
              </value>
            </param>
          </params>
          <reporter-output>
          </reporter-output>
        </test-method> <!-- putUpdateBooking -->
        <test-method is-config="true" signature="deleteBooking()[pri:0, instance:services.BookingTest@815b41f]" started-at="2022-01-31T22:49:38 TRT" name="deleteBooking" finished-at="2022-01-31T22:49:39 TRT" duration-ms="761" status="PASS">
          <reporter-output>
          </reporter-output>
        </test-method> <!-- deleteBooking -->
      </class> <!-- services.BookingTest -->
    </test> <!-- Command line test -->
  </suite> <!-- services.BookingTest -->
</testng-results>
